Request Data: {'csrfmiddlewaretoken': ['S6mVHgQOYZe8vy9ZZpjWSBnr2ufjanAURc1aTiHqBnqU1rBZq490D4bBjpiznqPs'], 'voucher_date': ['2025-10-24'], 'payment_type': ['CHEQUE'], 'name_title': ['MRS'], 'pay_to': ['Abin'], 'attachment': [''], 'particulars': ['[{"description":"not","amount":8950545}]']}
Parsed Particulars: [{'description': 'not', 'amount': 8950545}]
Serializer Errors: {'particulars': [ErrorDetail(string='This field is required.', code='required')]}
Request Data: {'csrfmiddlewaretoken': ['S6mVHgQOYZe8vy9ZZpjWSBnr2ufjanAURc1aTiHqBnqU1rBZq490D4bBjpiznqPs'], 'voucher_date': ['2025-10-24'], 'payment_type': ['CHEQUE'], 'name_title': ['MRS'], 'pay_to': ['Abin'], 'attachment': [''], 'particulars': ['[{"description":"not","amount":8950545}]']}
Parsed Particulars: [{'description': 'not', 'amount': 8950545}]
Serializer Errors: {'particulars': [ErrorDetail(string='This field is required.', code='required')]}
Request Data: {'csrfmiddlewaretoken': ['S6mVHgQOYZe8vy9ZZpjWSBnr2ufjanAURc1aTiHqBnqU1rBZq490D4bBjpiznqPs'], 'voucher_date': ['2025-10-24'], 'payment_type': ['CHEQUE'], 'name_title': ['MRS'], 'pay_to': ['Abin'], 'attachment': [''], 'particulars': ['[{"description":"not","amount":8950545}]']}
Parsed Particulars: [{'description': 'not', 'amount': 8950545}]
Serializer Errors: {'particulars': [ErrorDetail(string='This field is required.', code='required')]}
Watching for file changes with StatReloader
"GET / HTTP/1.1" 200 19698
"GET /accounts/login/ HTTP/1.1" 200 21812
"GET / HTTP/1.1" 200 19698
"GET /accounts/login/ HTTP/1.1" 200 21812
"POST /accounts/login/ HTTP/1.1" 302 0
"GET / HTTP/1.1" 200 32246
"GET /api/approval/control/ HTTP/1.1" 200 160
"POST /accounts/logout/ HTTP/1.1" 302 0
"GET / HTTP/1.1" 200 19698
"GET /accounts/login/ HTTP/1.1" 200 21812
"POST /accounts/login/ HTTP/1.1" 200 22058
"POST /accounts/login/ HTTP/1.1" 200 22058
"POST /accounts/login/ HTTP/1.1" 200 22058
"GET / HTTP/1.1" 200 19698
"GET /accounts/login/ HTTP/1.1" 200 21812
"POST /accounts/login/ HTTP/1.1" 302 0
"GET / HTTP/1.1" 200 27462
"GET /vouchers/ HTTP/1.1" 200 37264
"POST /api/vouchers/create/ HTTP/1.1" 201 469
"GET /vouchers/ HTTP/1.1" 200 40795
"GET /vouchers/35/ HTTP/1.1" 200 38395
Not Found: /media/vouchers/attachments/Screenshot_30_QunAkIZ.png
"GET /media/vouchers/attachments/Screenshot_30_QunAkIZ.png HTTP/1.1" 404 179
"GET / HTTP/1.1" 200 27462
"GET /vouchers/ HTTP/1.1" 200 40795
Watching for file changes with StatReloader
"GET / HTTP/1.1" 200 27462
"GET /vouchers/ HTTP/1.1" 200 40795
"POST /accounts/logout/ HTTP/1.1" 302 0
"GET / HTTP/1.1" 200 19698
"GET /accounts/login/ HTTP/1.1" 200 21812
"POST /accounts/login/ HTTP/1.1" 200 22058
"POST /accounts/login/ HTTP/1.1" 200 22058
D:\Internship\PV4\voucher_system\voucher_system\urls.py changed, reloading.
Watching for file changes with StatReloader
"GET / HTTP/1.1" 200 19698
"GET /accounts/login/ HTTP/1.1" 200 21812
"POST /accounts/login/ HTTP/1.1" 302 0
"GET / HTTP/1.1" 200 27462
"GET /vouchers/ HTTP/1.1" 200 40795
"GET /vouchers/35/ HTTP/1.1" 200 38395
Not Found: /media/vouchers/attachments/Screenshot_30_QunAkIZ.png
"GET /media/vouchers/attachments/Screenshot_30_QunAkIZ.png HTTP/1.1" 404 179
Watching for file changes with StatReloader
"GET / HTTP/1.1" 200 27462
Not Found: /favicon.ico
"GET /favicon.ico HTTP/1.1" 404 179
"GET /vouchers/ HTTP/1.1" 200 40795
"GET /vouchers/35/ HTTP/1.1" 200 38395
"GET /vouchers/35/ HTTP/1.1" 200 38395
Not Found: /media/vouchers/attachments/Screenshot_30_QunAkIZ.png
"GET /media/vouchers/attachments/Screenshot_30_QunAkIZ.png HTTP/1.1" 404 179
"GET /vouchers/35/ HTTP/1.1" 200 38395
"GET / HTTP/1.1" 200 27462
"GET /vouchers/ HTTP/1.1" 200 40795
D:\Internship\PV4\voucher_system\voucher_system\settings.py changed, reloading.
Watching for file changes with StatReloader
